[0.196s] DEBUG:colcon:Command line arguments: ['/usr/bin/colcon', 'build', '--symlink-install']
[0.197s] DEBUG:colcon:Parsed command line arguments: Namespace(log_base=None, log_level=None, verb_name='build', build_base='build', install_base='install', merge_install=False, symlink_install=True, test_result_base=None, continue_on_error=False, executor='parallel', parallel_workers=16, event_handlers=None, ignore_user_meta=False, metas=['./colcon.meta'], base_paths=['.'], packages_ignore=None, packages_ignore_regex=None, paths=None, packages_up_to=None, packages_up_to_regex=None, packages_above=None, packages_above_and_dependencies=None, packages_above_depth=None, packages_select_by_dep=None, packages_skip_by_dep=None, packages_skip_up_to=None, packages_select_build_failed=False, packages_skip_build_finished=False, packages_select_test_failures=False, packages_skip_test_passed=False, packages_select=None, packages_skip=None, packages_select_regex=None, packages_skip_regex=None, packages_start=None, packages_end=None, allow_overriding=[], cmake_args=None, cmake_target=None, cmake_target_skip_unavailable=False, cmake_clean_cache=False, cmake_clean_first=False, cmake_force_configure=False, ament_cmake_args=None, catkin_cmake_args=None, catkin_skip_building_tests=False, mixin_files=None, mixin=None, verb_parser=<colcon_mixin.mixin.mixin_argument.MixinArgumentDecorator object at 0x7a5a5d4c4f10>, verb_extension=<colcon_core.verb.build.BuildVerb object at 0x7a5a5d5aa020>, main=<bound method BuildVerb.main of <colcon_core.verb.build.BuildVerb object at 0x7a5a5d5aa020>>, mixin_verb=('build',))
[0.593s] Level 1:colcon.colcon_core.package_discovery:discover_packages(colcon_meta) check parameters
[0.593s] Level 1:colcon.colcon_core.package_discovery:discover_packages(recursive) check parameters
[0.593s] Level 1:colcon.colcon_core.package_discovery:discover_packages(ignore) check parameters
[0.593s] Level 1:colcon.colcon_core.package_discovery:discover_packages(path) check parameters
[0.593s] Level 1:colcon.colcon_core.package_discovery:discover_packages(colcon_meta) discover
[0.593s] Level 1:colcon.colcon_core.package_discovery:discover_packages(recursive) discover
[0.593s] INFO:colcon.colcon_core.package_discovery:Crawling recursively for packages in '/home/junhyuk/motor_ws'
[0.594s] Level 1:colcon.colcon_core.package_identification:_identify(.) by extensions ['ignore', 'ignore_ament_install']
[0.594s] Level 1:colcon.colcon_core.package_identification:_identify(.) by extension 'ignore'
[0.594s] Level 1:colcon.colcon_core.package_identification:_identify(.) by extension 'ignore_ament_install'
[0.594s] Level 1:colcon.colcon_core.package_identification:_identify(.) by extensions ['colcon_pkg']
[0.594s] Level 1:colcon.colcon_core.package_identification:_identify(.) by extension 'colcon_pkg'
[0.594s] Level 1:colcon.colcon_core.package_identification:_identify(.) by extensions ['colcon_meta']
[0.594s] Level 1:colcon.colcon_core.package_identification:_identify(.) by extension 'colcon_meta'
[0.594s] Level 1:colcon.colcon_core.package_identification:_identify(.) by extensions ['ros']
[0.594s] Level 1:colcon.colcon_core.package_identification:_identify(.) by extension 'ros'
[0.633s] Level 1:colcon.colcon_core.package_identification:_identify(.) by extensions ['cmake', 'python']
[0.634s] Level 1:colcon.colcon_core.package_identification:_identify(.) by extension 'cmake'
[0.634s] Level 1:colcon.colcon_core.package_identification:_identify(.) by extension 'python'
[0.634s] Level 1:colcon.colcon_core.package_identification:_identify(.) by extensions ['python_setup_py']
[0.634s] Level 1:colcon.colcon_core.package_identification:_identify(.) by extension 'python_setup_py'
[0.634s] Level 1:colcon.colcon_core.package_identification:_identify(build) by extensions ['ignore', 'ignore_ament_install']
[0.634s] Level 1:colcon.colcon_core.package_identification:_identify(build) by extension 'ignore'
[0.634s] Level 1:colcon.colcon_core.package_identification:_identify(build) ignored
[0.634s] Level 1:colcon.colcon_core.package_identification:_identify(install) by extensions ['ignore', 'ignore_ament_install']
[0.634s] Level 1:colcon.colcon_core.package_identification:_identify(install) by extension 'ignore'
[0.634s] Level 1:colcon.colcon_core.package_identification:_identify(install) ignored
[0.635s] Level 1:colcon.colcon_core.package_identification:_identify(log) by extensions ['ignore', 'ignore_ament_install']
[0.635s] Level 1:colcon.colcon_core.package_identification:_identify(log) by extension 'ignore'
[0.635s] Level 1:colcon.colcon_core.package_identification:_identify(log) ignored
[0.635s] Level 1:colcon.colcon_core.package_identification:_identify(src) by extensions ['ignore', 'ignore_ament_install']
[0.635s] Level 1:colcon.colcon_core.package_identification:_identify(src) by extension 'ignore'
[0.635s] Level 1:colcon.colcon_core.package_identification:_identify(src) by extension 'ignore_ament_install'
[0.635s] Level 1:colcon.colcon_core.package_identification:_identify(src) by extensions ['colcon_pkg']
[0.635s] Level 1:colcon.colcon_core.package_identification:_identify(src) by extension 'colcon_pkg'
[0.635s] Level 1:colcon.colcon_core.package_identification:_identify(src) by extensions ['colcon_meta']
[0.635s] Level 1:colcon.colcon_core.package_identification:_identify(src) by extension 'colcon_meta'
[0.635s] Level 1:colcon.colcon_core.package_identification:_identify(src) by extensions ['ros']
[0.635s] Level 1:colcon.colcon_core.package_identification:_identify(src) by extension 'ros'
[0.635s] Level 1:colcon.colcon_core.package_identification:_identify(src) by extensions ['cmake', 'python']
[0.635s] Level 1:colcon.colcon_core.package_identification:_identify(src) by extension 'cmake'
[0.635s] Level 1:colcon.colcon_core.package_identification:_identify(src) by extension 'python'
[0.636s] Level 1:colcon.colcon_core.package_identification:_identify(src) by extensions ['python_setup_py']
[0.636s] Level 1:colcon.colcon_core.package_identification:_identify(src) by extension 'python_setup_py'
[0.636s] Level 1:colcon.colcon_core.package_identification:_identify(src/motor_control_interfaces) by extensions ['ignore', 'ignore_ament_install']
[0.636s] Level 1:colcon.colcon_core.package_identification:_identify(src/motor_control_interfaces) by extension 'ignore'
[0.636s] Level 1:colcon.colcon_core.package_identification:_identify(src/motor_control_interfaces) by extension 'ignore_ament_install'
[0.636s] Level 1:colcon.colcon_core.package_identification:_identify(src/motor_control_interfaces) by extensions ['colcon_pkg']
[0.636s] Level 1:colcon.colcon_core.package_identification:_identify(src/motor_control_interfaces) by extension 'colcon_pkg'
[0.636s] Level 1:colcon.colcon_core.package_identification:_identify(src/motor_control_interfaces) by extensions ['colcon_meta']
[0.636s] Level 1:colcon.colcon_core.package_identification:_identify(src/motor_control_interfaces) by extension 'colcon_meta'
[0.636s] Level 1:colcon.colcon_core.package_identification:_identify(src/motor_control_interfaces) by extensions ['ros']
[0.636s] Level 1:colcon.colcon_core.package_identification:_identify(src/motor_control_interfaces) by extension 'ros'
[0.640s] DEBUG:colcon.colcon_core.package_identification:Package 'src/motor_control_interfaces' with type 'ros.ament_cmake' and name 'motor_control_interfaces'
[0.640s] Level 1:colcon.colcon_core.package_identification:_identify(src/ros2_motor_control) by extensions ['ignore', 'ignore_ament_install']
[0.640s] Level 1:colcon.colcon_core.package_identification:_identify(src/ros2_motor_control) by extension 'ignore'
[0.641s] Level 1:colcon.colcon_core.package_identification:_identify(src/ros2_motor_control) by extension 'ignore_ament_install'
[0.641s] Level 1:colcon.colcon_core.package_identification:_identify(src/ros2_motor_control) by extensions ['colcon_pkg']
[0.641s] Level 1:colcon.colcon_core.package_identification:_identify(src/ros2_motor_control) by extension 'colcon_pkg'
[0.641s] Level 1:colcon.colcon_core.package_identification:_identify(src/ros2_motor_control) by extensions ['colcon_meta']
[0.641s] Level 1:colcon.colcon_core.package_identification:_identify(src/ros2_motor_control) by extension 'colcon_meta'
[0.641s] Level 1:colcon.colcon_core.package_identification:_identify(src/ros2_motor_control) by extensions ['ros']
[0.641s] Level 1:colcon.colcon_core.package_identification:_identify(src/ros2_motor_control) by extension 'ros'
[0.642s] DEBUG:colcon.colcon_core.package_identification:Package 'src/ros2_motor_control' with type 'ros.ament_python' and name 'ros2_motor_control'
[0.642s] Level 1:colcon.colcon_core.package_discovery:discover_packages(recursive) using defaults
[0.642s] Level 1:colcon.colcon_core.package_discovery:discover_packages(ignore) discover
[0.642s] Level 1:colcon.colcon_core.package_discovery:discover_packages(ignore) using defaults
[0.642s] Level 1:colcon.colcon_core.package_discovery:discover_packages(path) discover
[0.642s] Level 1:colcon.colcon_core.package_discovery:discover_packages(path) using defaults
[0.677s] Level 1:colcon.colcon_core.package_discovery:discover_packages(prefix_path) check parameters
[0.677s] Level 1:colcon.colcon_core.package_discovery:discover_packages(prefix_path) discover
[0.681s] DEBUG:colcon.colcon_installed_package_information.package_discovery:Found 1 installed packages in /home/junhyuk/Dyamo_ws/install
[0.682s] DEBUG:colcon.colcon_installed_package_information.package_discovery:Found 2 installed packages in /home/junhyuk/ros2_study/install
[0.683s] DEBUG:colcon.colcon_installed_package_information.package_discovery:Found 11 installed packages in /home/junhyuk/ros2_ws/install
[0.687s] DEBUG:colcon.colcon_installed_package_information.package_discovery:Found 502 installed packages in /opt/ros/humble
[0.692s] Level 1:colcon.colcon_core.package_discovery:discover_packages(prefix_path) using defaults
[0.782s] Level 5:colcon.colcon_core.verb:set package 'motor_control_interfaces' build argument 'cmake_args' from command line to 'None'
[0.782s] Level 5:colcon.colcon_core.verb:set package 'motor_control_interfaces' build argument 'cmake_target' from command line to 'None'
[0.782s] Level 5:colcon.colcon_core.verb:set package 'motor_control_interfaces' build argument 'cmake_target_skip_unavailable' from command line to 'False'
[0.782s] Level 5:colcon.colcon_core.verb:set package 'motor_control_interfaces' build argument 'cmake_clean_cache' from command line to 'False'
[0.782s] Level 5:colcon.colcon_core.verb:set package 'motor_control_interfaces' build argument 'cmake_clean_first' from command line to 'False'
[0.782s] Level 5:colcon.colcon_core.verb:set package 'motor_control_interfaces' build argument 'cmake_force_configure' from command line to 'False'
[0.782s] Level 5:colcon.colcon_core.verb:set package 'motor_control_interfaces' build argument 'ament_cmake_args' from command line to 'None'
[0.782s] Level 5:colcon.colcon_core.verb:set package 'motor_control_interfaces' build argument 'catkin_cmake_args' from command line to 'None'
[0.782s] Level 5:colcon.colcon_core.verb:set package 'motor_control_interfaces' build argument 'catkin_skip_building_tests' from command line to 'False'
[0.782s] DEBUG:colcon.colcon_core.verb:Building package 'motor_control_interfaces' with the following arguments: {'ament_cmake_args': None, 'build_base': '/home/junhyuk/motor_ws/build/motor_control_interfaces', 'catkin_cmake_args': None, 'catkin_skip_building_tests': False, 'cmake_args': None, 'cmake_clean_cache': False, 'cmake_clean_first': False, 'cmake_force_configure': False, 'cmake_target': None, 'cmake_target_skip_unavailable': False, 'install_base': '/home/junhyuk/motor_ws/install/motor_control_interfaces', 'merge_install': False, 'path': '/home/junhyuk/motor_ws/src/motor_control_interfaces', 'symlink_install': True, 'test_result_base': None}
[0.783s] Level 5:colcon.colcon_core.verb:set package 'ros2_motor_control' build argument 'cmake_args' from command line to 'None'
[0.783s] Level 5:colcon.colcon_core.verb:set package 'ros2_motor_control' build argument 'cmake_target' from command line to 'None'
[0.783s] Level 5:colcon.colcon_core.verb:set package 'ros2_motor_control' build argument 'cmake_target_skip_unavailable' from command line to 'False'
[0.783s] Level 5:colcon.colcon_core.verb:set package 'ros2_motor_control' build argument 'cmake_clean_cache' from command line to 'False'
[0.783s] Level 5:colcon.colcon_core.verb:set package 'ros2_motor_control' build argument 'cmake_clean_first' from command line to 'False'
[0.783s] Level 5:colcon.colcon_core.verb:set package 'ros2_motor_control' build argument 'cmake_force_configure' from command line to 'False'
[0.783s] Level 5:colcon.colcon_core.verb:set package 'ros2_motor_control' build argument 'ament_cmake_args' from command line to 'None'
[0.783s] Level 5:colcon.colcon_core.verb:set package 'ros2_motor_control' build argument 'catkin_cmake_args' from command line to 'None'
[0.783s] Level 5:colcon.colcon_core.verb:set package 'ros2_motor_control' build argument 'catkin_skip_building_tests' from command line to 'False'
[0.783s] DEBUG:colcon.colcon_core.verb:Building package 'ros2_motor_control' with the following arguments: {'ament_cmake_args': None, 'build_base': '/home/junhyuk/motor_ws/build/ros2_motor_control', 'catkin_cmake_args': None, 'catkin_skip_building_tests': False, 'cmake_args': None, 'cmake_clean_cache': False, 'cmake_clean_first': False, 'cmake_force_configure': False, 'cmake_target': None, 'cmake_target_skip_unavailable': False, 'install_base': '/home/junhyuk/motor_ws/install/ros2_motor_control', 'merge_install': False, 'path': '/home/junhyuk/motor_ws/src/ros2_motor_control', 'symlink_install': True, 'test_result_base': None}
[0.783s] INFO:colcon.colcon_core.executor:Executing jobs using 'parallel' executor
[0.785s] DEBUG:colcon.colcon_parallel_executor.executor.parallel:run_until_complete
[0.785s] INFO:colcon.colcon_ros.task.ament_cmake.build:Building ROS package in '/home/junhyuk/motor_ws/src/motor_control_interfaces' with build type 'ament_cmake'
[0.786s] INFO:colcon.colcon_cmake.task.cmake.build:Building CMake package in '/home/junhyuk/motor_ws/src/motor_control_interfaces'
[0.789s] INFO:colcon.colcon_core.plugin_system:Skipping extension 'colcon_core.shell.bat': Not used on non-Windows systems
[0.790s] INFO:colcon.colcon_core.shell:Skip shell extension 'powershell' for command environment: Not usable outside of PowerShell
[0.790s] DEBUG:colcon.colcon_core.shell:Skip shell extension 'dsv' for command environment
[0.810s] DEBUG:colcon.colcon_core.event_handler.log_command:Invoking command in '/home/junhyuk/motor_ws/build/motor_control_interfaces': CMAKE_PREFIX_PATH=${CMAKE_PREFIX_PATH}:/home/junhyuk/ros2_study/install/my_first_package:/home/junhyuk/ros2_ws/install/tutorial_topic:/home/junhyuk/ros2_ws/install/tutorial_service:/home/junhyuk/ros2_ws/install/tutorial_action:/home/junhyuk/ros2_ws/install/ros2_motor_control:/home/junhyuk/ros2_ws/install/ros2_camera_lidar_fusion:/home/junhyuk/ros2_ws/install/node_exercise:/home/junhyuk/ros2_ws/install/my_package:/home/junhyuk/ros2_ws/install/moving_services:/home/junhyuk/ros2_ws/install/logger_test:/home/junhyuk/ros2_ws/install/custom_interface_example:/opt/ros/humble /usr/bin/cmake /home/junhyuk/motor_ws/src/motor_control_interfaces -DAMENT_CMAKE_SYMLINK_INSTALL=1 -DCMAKE_INSTALL_PREFIX=/home/junhyuk/motor_ws/install/motor_control_interfaces
[5.302s] DEBUG:colcon.colcon_core.event_handler.log_command:Invoked command in '/home/junhyuk/motor_ws/build/motor_control_interfaces' returned '0': CMAKE_PREFIX_PATH=${CMAKE_PREFIX_PATH}:/home/junhyuk/ros2_study/install/my_first_package:/home/junhyuk/ros2_ws/install/tutorial_topic:/home/junhyuk/ros2_ws/install/tutorial_service:/home/junhyuk/ros2_ws/install/tutorial_action:/home/junhyuk/ros2_ws/install/ros2_motor_control:/home/junhyuk/ros2_ws/install/ros2_camera_lidar_fusion:/home/junhyuk/ros2_ws/install/node_exercise:/home/junhyuk/ros2_ws/install/my_package:/home/junhyuk/ros2_ws/install/moving_services:/home/junhyuk/ros2_ws/install/logger_test:/home/junhyuk/ros2_ws/install/custom_interface_example:/opt/ros/humble /usr/bin/cmake /home/junhyuk/motor_ws/src/motor_control_interfaces -DAMENT_CMAKE_SYMLINK_INSTALL=1 -DCMAKE_INSTALL_PREFIX=/home/junhyuk/motor_ws/install/motor_control_interfaces
[5.306s] DEBUG:colcon.colcon_core.event_handler.log_command:Invoking command in '/home/junhyuk/motor_ws/build/motor_control_interfaces': CMAKE_PREFIX_PATH=${CMAKE_PREFIX_PATH}:/home/junhyuk/ros2_study/install/my_first_package:/home/junhyuk/ros2_ws/install/tutorial_topic:/home/junhyuk/ros2_ws/install/tutorial_service:/home/junhyuk/ros2_ws/install/tutorial_action:/home/junhyuk/ros2_ws/install/ros2_motor_control:/home/junhyuk/ros2_ws/install/ros2_camera_lidar_fusion:/home/junhyuk/ros2_ws/install/node_exercise:/home/junhyuk/ros2_ws/install/my_package:/home/junhyuk/ros2_ws/install/moving_services:/home/junhyuk/ros2_ws/install/logger_test:/home/junhyuk/ros2_ws/install/custom_interface_example:/opt/ros/humble /usr/bin/cmake --build /home/junhyuk/motor_ws/build/motor_control_interfaces -- -j16 -l16
[10.484s] DEBUG:colcon.colcon_core.event_handler.log_command:Invoked command in '/home/junhyuk/motor_ws/build/motor_control_interfaces' returned '0': CMAKE_PREFIX_PATH=${CMAKE_PREFIX_PATH}:/home/junhyuk/ros2_study/install/my_first_package:/home/junhyuk/ros2_ws/install/tutorial_topic:/home/junhyuk/ros2_ws/install/tutorial_service:/home/junhyuk/ros2_ws/install/tutorial_action:/home/junhyuk/ros2_ws/install/ros2_motor_control:/home/junhyuk/ros2_ws/install/ros2_camera_lidar_fusion:/home/junhyuk/ros2_ws/install/node_exercise:/home/junhyuk/ros2_ws/install/my_package:/home/junhyuk/ros2_ws/install/moving_services:/home/junhyuk/ros2_ws/install/logger_test:/home/junhyuk/ros2_ws/install/custom_interface_example:/opt/ros/humble /usr/bin/cmake --build /home/junhyuk/motor_ws/build/motor_control_interfaces -- -j16 -l16
[10.509s] DEBUG:colcon.colcon_core.event_handler.log_command:Invoking command in '/home/junhyuk/motor_ws/build/motor_control_interfaces': CMAKE_PREFIX_PATH=${CMAKE_PREFIX_PATH}:/home/junhyuk/ros2_study/install/my_first_package:/home/junhyuk/ros2_ws/install/tutorial_topic:/home/junhyuk/ros2_ws/install/tutorial_service:/home/junhyuk/ros2_ws/install/tutorial_action:/home/junhyuk/ros2_ws/install/ros2_motor_control:/home/junhyuk/ros2_ws/install/ros2_camera_lidar_fusion:/home/junhyuk/ros2_ws/install/node_exercise:/home/junhyuk/ros2_ws/install/my_package:/home/junhyuk/ros2_ws/install/moving_services:/home/junhyuk/ros2_ws/install/logger_test:/home/junhyuk/ros2_ws/install/custom_interface_example:/opt/ros/humble /usr/bin/cmake --install /home/junhyuk/motor_ws/build/motor_control_interfaces
[11.887s] Level 1:colcon.colcon_core.environment:create_environment_scripts_only(motor_control_interfaces)
[11.888s] DEBUG:colcon.colcon_core.event_handler.log_command:Invoked command in '/home/junhyuk/motor_ws/build/motor_control_interfaces' returned '0': CMAKE_PREFIX_PATH=${CMAKE_PREFIX_PATH}:/home/junhyuk/ros2_study/install/my_first_package:/home/junhyuk/ros2_ws/install/tutorial_topic:/home/junhyuk/ros2_ws/install/tutorial_service:/home/junhyuk/ros2_ws/install/tutorial_action:/home/junhyuk/ros2_ws/install/ros2_motor_control:/home/junhyuk/ros2_ws/install/ros2_camera_lidar_fusion:/home/junhyuk/ros2_ws/install/node_exercise:/home/junhyuk/ros2_ws/install/my_package:/home/junhyuk/ros2_ws/install/moving_services:/home/junhyuk/ros2_ws/install/logger_test:/home/junhyuk/ros2_ws/install/custom_interface_example:/opt/ros/humble /usr/bin/cmake --install /home/junhyuk/motor_ws/build/motor_control_interfaces
[11.892s] Level 1:colcon.colcon_core.environment:checking '/home/junhyuk/motor_ws/install/motor_control_interfaces' for CMake module files
[11.893s] Level 1:colcon.colcon_core.environment:checking '/home/junhyuk/motor_ws/install/motor_control_interfaces' for CMake config files
[11.894s] Level 1:colcon.colcon_core.shell:create_environment_hook('motor_control_interfaces', 'cmake_prefix_path')
[11.894s] INFO:colcon.colcon_core.shell:Creating environment hook '/home/junhyuk/motor_ws/install/motor_control_interfaces/share/motor_control_interfaces/hook/cmake_prefix_path.ps1'
[11.896s] INFO:colcon.colcon_core.shell:Creating environment descriptor '/home/junhyuk/motor_ws/install/motor_control_interfaces/share/motor_control_interfaces/hook/cmake_prefix_path.dsv'
[11.896s] INFO:colcon.colcon_core.shell:Creating environment hook '/home/junhyuk/motor_ws/install/motor_control_interfaces/share/motor_control_interfaces/hook/cmake_prefix_path.sh'
[11.898s] Level 1:colcon.colcon_core.environment:checking '/home/junhyuk/motor_ws/install/motor_control_interfaces/lib'
[11.898s] Level 1:colcon.colcon_core.shell:create_environment_hook('motor_control_interfaces', 'ld_library_path_lib')
[11.899s] INFO:colcon.colcon_core.shell:Creating environment hook '/home/junhyuk/motor_ws/install/motor_control_interfaces/share/motor_control_interfaces/hook/ld_library_path_lib.ps1'
[11.899s] INFO:colcon.colcon_core.shell:Creating environment descriptor '/home/junhyuk/motor_ws/install/motor_control_interfaces/share/motor_control_interfaces/hook/ld_library_path_lib.dsv'
[11.900s] INFO:colcon.colcon_core.shell:Creating environment hook '/home/junhyuk/motor_ws/install/motor_control_interfaces/share/motor_control_interfaces/hook/ld_library_path_lib.sh'
[11.900s] Level 1:colcon.colcon_core.environment:checking '/home/junhyuk/motor_ws/install/motor_control_interfaces/bin'
[11.900s] Level 1:colcon.colcon_core.environment:checking '/home/junhyuk/motor_ws/install/motor_control_interfaces/lib/pkgconfig/motor_control_interfaces.pc'
[11.901s] Level 1:colcon.colcon_core.environment:checking '/home/junhyuk/motor_ws/install/motor_control_interfaces/lib/python3.10/site-packages'
[11.901s] Level 1:colcon.colcon_core.environment:checking '/home/junhyuk/motor_ws/install/motor_control_interfaces/bin'
[11.902s] INFO:colcon.colcon_core.shell:Creating package script '/home/junhyuk/motor_ws/install/motor_control_interfaces/share/motor_control_interfaces/package.ps1'
[11.904s] INFO:colcon.colcon_core.shell:Creating package descriptor '/home/junhyuk/motor_ws/install/motor_control_interfaces/share/motor_control_interfaces/package.dsv'
[11.905s] INFO:colcon.colcon_core.shell:Creating package script '/home/junhyuk/motor_ws/install/motor_control_interfaces/share/motor_control_interfaces/package.sh'
[11.906s] INFO:colcon.colcon_core.shell:Creating package script '/home/junhyuk/motor_ws/install/motor_control_interfaces/share/motor_control_interfaces/package.bash'
[11.907s] INFO:colcon.colcon_core.shell:Creating package script '/home/junhyuk/motor_ws/install/motor_control_interfaces/share/motor_control_interfaces/package.zsh'
[11.908s] Level 1:colcon.colcon_core.environment:create_file_with_runtime_dependencies(/home/junhyuk/motor_ws/install/motor_control_interfaces/share/colcon-core/packages/motor_control_interfaces)
[11.909s] Level 1:colcon.colcon_core.environment:create_environment_scripts_only(motor_control_interfaces)
[11.909s] Level 1:colcon.colcon_core.environment:checking '/home/junhyuk/motor_ws/install/motor_control_interfaces' for CMake module files
[11.910s] Level 1:colcon.colcon_core.environment:checking '/home/junhyuk/motor_ws/install/motor_control_interfaces' for CMake config files
[11.911s] Level 1:colcon.colcon_core.shell:create_environment_hook('motor_control_interfaces', 'cmake_prefix_path')
[11.911s] INFO:colcon.colcon_core.shell:Creating environment hook '/home/junhyuk/motor_ws/install/motor_control_interfaces/share/motor_control_interfaces/hook/cmake_prefix_path.ps1'
[11.912s] INFO:colcon.colcon_core.shell:Creating environment descriptor '/home/junhyuk/motor_ws/install/motor_control_interfaces/share/motor_control_interfaces/hook/cmake_prefix_path.dsv'
[11.913s] INFO:colcon.colcon_core.shell:Creating environment hook '/home/junhyuk/motor_ws/install/motor_control_interfaces/share/motor_control_interfaces/hook/cmake_prefix_path.sh'
[11.914s] Level 1:colcon.colcon_core.environment:checking '/home/junhyuk/motor_ws/install/motor_control_interfaces/lib'
[11.914s] Level 1:colcon.colcon_core.shell:create_environment_hook('motor_control_interfaces', 'ld_library_path_lib')
[11.915s] INFO:colcon.colcon_core.shell:Creating environment hook '/home/junhyuk/motor_ws/install/motor_control_interfaces/share/motor_control_interfaces/hook/ld_library_path_lib.ps1'
[11.915s] INFO:colcon.colcon_core.shell:Creating environment descriptor '/home/junhyuk/motor_ws/install/motor_control_interfaces/share/motor_control_interfaces/hook/ld_library_path_lib.dsv'
[11.916s] INFO:colcon.colcon_core.shell:Creating environment hook '/home/junhyuk/motor_ws/install/motor_control_interfaces/share/motor_control_interfaces/hook/ld_library_path_lib.sh'
[11.916s] Level 1:colcon.colcon_core.environment:checking '/home/junhyuk/motor_ws/install/motor_control_interfaces/bin'
[11.917s] Level 1:colcon.colcon_core.environment:checking '/home/junhyuk/motor_ws/install/motor_control_interfaces/lib/pkgconfig/motor_control_interfaces.pc'
[11.917s] Level 1:colcon.colcon_core.environment:checking '/home/junhyuk/motor_ws/install/motor_control_interfaces/lib/python3.10/site-packages'
[11.917s] Level 1:colcon.colcon_core.environment:checking '/home/junhyuk/motor_ws/install/motor_control_interfaces/bin'
[11.918s] INFO:colcon.colcon_core.shell:Creating package script '/home/junhyuk/motor_ws/install/motor_control_interfaces/share/motor_control_interfaces/package.ps1'
[11.920s] INFO:colcon.colcon_core.shell:Creating package descriptor '/home/junhyuk/motor_ws/install/motor_control_interfaces/share/motor_control_interfaces/package.dsv'
[11.921s] INFO:colcon.colcon_core.shell:Creating package script '/home/junhyuk/motor_ws/install/motor_control_interfaces/share/motor_control_interfaces/package.sh'
[11.921s] INFO:colcon.colcon_core.shell:Creating package script '/home/junhyuk/motor_ws/install/motor_control_interfaces/share/motor_control_interfaces/package.bash'
[11.922s] INFO:colcon.colcon_core.shell:Creating package script '/home/junhyuk/motor_ws/install/motor_control_interfaces/share/motor_control_interfaces/package.zsh'
[11.923s] Level 1:colcon.colcon_core.environment:create_file_with_runtime_dependencies(/home/junhyuk/motor_ws/install/motor_control_interfaces/share/colcon-core/packages/motor_control_interfaces)
[11.923s] INFO:colcon.colcon_ros.task.ament_python.build:Building ROS package in '/home/junhyuk/motor_ws/src/ros2_motor_control' with build type 'ament_python'
[11.924s] Level 1:colcon.colcon_core.shell:create_environment_hook('ros2_motor_control', 'ament_prefix_path')
[11.924s] INFO:colcon.colcon_core.shell:Creating environment hook '/home/junhyuk/motor_ws/install/ros2_motor_control/share/ros2_motor_control/hook/ament_prefix_path.ps1'
[11.926s] INFO:colcon.colcon_core.shell:Creating environment descriptor '/home/junhyuk/motor_ws/install/ros2_motor_control/share/ros2_motor_control/hook/ament_prefix_path.dsv'
[11.926s] INFO:colcon.colcon_core.shell:Creating environment hook '/home/junhyuk/motor_ws/install/ros2_motor_control/share/ros2_motor_control/hook/ament_prefix_path.sh'
[11.927s] INFO:colcon.colcon_core.shell:Skip shell extension 'powershell' for command environment: Not usable outside of PowerShell
[11.927s] DEBUG:colcon.colcon_core.shell:Skip shell extension 'dsv' for command environment
[12.557s] INFO:colcon.colcon_core.task.python.build:Building Python package in '/home/junhyuk/motor_ws/src/ros2_motor_control'
[12.558s] INFO:colcon.colcon_core.shell:Skip shell extension 'powershell' for command environment: Not usable outside of PowerShell
[12.558s] DEBUG:colcon.colcon_core.shell:Skip shell extension 'dsv' for command environment
[13.509s] DEBUG:colcon.colcon_core.event_handler.log_command:Invoking command in '/home/junhyuk/motor_ws/build/ros2_motor_control': AMENT_PREFIX_PATH=/home/junhyuk/motor_ws/install/motor_control_interfaces:${AMENT_PREFIX_PATH} CMAKE_PREFIX_PATH=/home/junhyuk/motor_ws/install/motor_control_interfaces:${CMAKE_PREFIX_PATH} LD_LIBRARY_PATH=/home/junhyuk/motor_ws/install/motor_control_interfaces/lib:${LD_LIBRARY_PATH} PYTHONPATH=/home/junhyuk/motor_ws/build/ros2_motor_control/prefix_override:/usr/lib/python3/dist-packages/colcon_core/task/python/colcon_distutils_commands:/home/junhyuk/motor_ws/install/ros2_motor_control/lib/python3.10/site-packages:/home/junhyuk/motor_ws/install/motor_control_interfaces/local/lib/python3.10/dist-packages:${PYTHONPATH} /usr/bin/python3 -W ignore:setup.py install is deprecated -W ignore:easy_install command is deprecated setup.py develop --editable --build-directory /home/junhyuk/motor_ws/build/ros2_motor_control/build --no-deps symlink_data
[14.628s] Level 1:colcon.colcon_core.shell:create_environment_hook('ros2_motor_control', 'pythonpath_develop')
[14.629s] INFO:colcon.colcon_core.shell:Creating environment hook '/home/junhyuk/motor_ws/build/ros2_motor_control/share/ros2_motor_control/hook/pythonpath_develop.ps1'
[14.629s] DEBUG:colcon.colcon_core.event_handler.log_command:Invoked command in '/home/junhyuk/motor_ws/build/ros2_motor_control' returned '0': AMENT_PREFIX_PATH=/home/junhyuk/motor_ws/install/motor_control_interfaces:${AMENT_PREFIX_PATH} CMAKE_PREFIX_PATH=/home/junhyuk/motor_ws/install/motor_control_interfaces:${CMAKE_PREFIX_PATH} LD_LIBRARY_PATH=/home/junhyuk/motor_ws/install/motor_control_interfaces/lib:${LD_LIBRARY_PATH} PYTHONPATH=/home/junhyuk/motor_ws/build/ros2_motor_control/prefix_override:/usr/lib/python3/dist-packages/colcon_core/task/python/colcon_distutils_commands:/home/junhyuk/motor_ws/install/ros2_motor_control/lib/python3.10/site-packages:/home/junhyuk/motor_ws/install/motor_control_interfaces/local/lib/python3.10/dist-packages:${PYTHONPATH} /usr/bin/python3 -W ignore:setup.py install is deprecated -W ignore:easy_install command is deprecated setup.py develop --editable --build-directory /home/junhyuk/motor_ws/build/ros2_motor_control/build --no-deps symlink_data
[14.631s] INFO:colcon.colcon_core.shell:Creating environment descriptor '/home/junhyuk/motor_ws/build/ros2_motor_control/share/ros2_motor_control/hook/pythonpath_develop.dsv'
[14.631s] INFO:colcon.colcon_core.shell:Creating environment hook '/home/junhyuk/motor_ws/build/ros2_motor_control/share/ros2_motor_control/hook/pythonpath_develop.sh'
[14.632s] Level 1:colcon.colcon_core.environment:checking '/home/junhyuk/motor_ws/install/ros2_motor_control' for CMake module files
[14.633s] Level 1:colcon.colcon_core.environment:checking '/home/junhyuk/motor_ws/install/ros2_motor_control' for CMake config files
[14.634s] Level 1:colcon.colcon_core.environment:checking '/home/junhyuk/motor_ws/install/ros2_motor_control/lib'
[14.634s] Level 1:colcon.colcon_core.environment:checking '/home/junhyuk/motor_ws/install/ros2_motor_control/bin'
[14.634s] Level 1:colcon.colcon_core.environment:checking '/home/junhyuk/motor_ws/install/ros2_motor_control/lib/pkgconfig/ros2_motor_control.pc'
[14.635s] Level 1:colcon.colcon_core.environment:checking '/home/junhyuk/motor_ws/install/ros2_motor_control/lib/python3.10/site-packages'
[14.635s] Level 1:colcon.colcon_core.shell:create_environment_hook('ros2_motor_control', 'pythonpath')
[14.635s] INFO:colcon.colcon_core.shell:Creating environment hook '/home/junhyuk/motor_ws/install/ros2_motor_control/share/ros2_motor_control/hook/pythonpath.ps1'
[14.636s] INFO:colcon.colcon_core.shell:Creating environment descriptor '/home/junhyuk/motor_ws/install/ros2_motor_control/share/ros2_motor_control/hook/pythonpath.dsv'
[14.636s] INFO:colcon.colcon_core.shell:Creating environment hook '/home/junhyuk/motor_ws/install/ros2_motor_control/share/ros2_motor_control/hook/pythonpath.sh'
[14.637s] Level 1:colcon.colcon_core.environment:checking '/home/junhyuk/motor_ws/install/ros2_motor_control/bin'
[14.637s] Level 1:colcon.colcon_core.environment:create_environment_scripts_only(ros2_motor_control)
[14.638s] INFO:colcon.colcon_core.shell:Creating package script '/home/junhyuk/motor_ws/install/ros2_motor_control/share/ros2_motor_control/package.ps1'
[14.639s] INFO:colcon.colcon_core.shell:Creating package descriptor '/home/junhyuk/motor_ws/install/ros2_motor_control/share/ros2_motor_control/package.dsv'
[14.639s] INFO:colcon.colcon_core.shell:Creating package script '/home/junhyuk/motor_ws/install/ros2_motor_control/share/ros2_motor_control/package.sh'
[14.640s] INFO:colcon.colcon_core.shell:Creating package script '/home/junhyuk/motor_ws/install/ros2_motor_control/share/ros2_motor_control/package.bash'
[14.641s] INFO:colcon.colcon_core.shell:Creating package script '/home/junhyuk/motor_ws/install/ros2_motor_control/share/ros2_motor_control/package.zsh'
[14.641s] Level 1:colcon.colcon_core.environment:create_file_with_runtime_dependencies(/home/junhyuk/motor_ws/install/ros2_motor_control/share/colcon-core/packages/ros2_motor_control)
[14.642s] DEBUG:colcon.colcon_parallel_executor.executor.parallel:closing loop
[14.642s] DEBUG:colcon.colcon_parallel_executor.executor.parallel:loop closed
[14.642s] DEBUG:colcon.colcon_parallel_executor.executor.parallel:run_until_complete finished with '0'
[14.642s] DEBUG:colcon.colcon_core.event_reactor:joining thread
[14.653s] INFO:colcon.colcon_core.plugin_system:Skipping extension 'colcon_notification.desktop_notification.terminal_notifier': Not used on non-Darwin systems
[14.654s] INFO:colcon.colcon_core.plugin_system:Skipping extension 'colcon_notification.desktop_notification.win32': Not used on non-Windows systems
[14.654s] INFO:colcon.colcon_notification.desktop_notification:Sending desktop notification using 'notify2'
[14.672s] DEBUG:colcon.colcon_core.event_reactor:joined thread
[14.673s] INFO:colcon.colcon_core.shell:Creating prefix script '/home/junhyuk/motor_ws/install/local_setup.ps1'
[14.675s] INFO:colcon.colcon_core.shell:Creating prefix util module '/home/junhyuk/motor_ws/install/_local_setup_util_ps1.py'
[14.677s] INFO:colcon.colcon_core.shell:Creating prefix chain script '/home/junhyuk/motor_ws/install/setup.ps1'
[14.680s] INFO:colcon.colcon_core.shell:Creating prefix script '/home/junhyuk/motor_ws/install/local_setup.sh'
[14.681s] INFO:colcon.colcon_core.shell:Creating prefix util module '/home/junhyuk/motor_ws/install/_local_setup_util_sh.py'
[14.682s] INFO:colcon.colcon_core.shell:Creating prefix chain script '/home/junhyuk/motor_ws/install/setup.sh'
[14.685s] INFO:colcon.colcon_core.shell:Creating prefix script '/home/junhyuk/motor_ws/install/local_setup.bash'
[14.686s] INFO:colcon.colcon_core.shell:Creating prefix chain script '/home/junhyuk/motor_ws/install/setup.bash'
[14.689s] INFO:colcon.colcon_core.shell:Creating prefix script '/home/junhyuk/motor_ws/install/local_setup.zsh'
[14.690s] INFO:colcon.colcon_core.shell:Creating prefix chain script '/home/junhyuk/motor_ws/install/setup.zsh'
