running develop
running egg_info
creating ros2_motor_control.egg-info
writing ros2_motor_control.egg-info/PKG-INFO
writing dependency_links to ros2_motor_control.egg-info/dependency_links.txt
writing entry points to ros2_motor_control.egg-info/entry_points.txt
writing requirements to ros2_motor_control.egg-info/requires.txt
writing top-level names to ros2_motor_control.egg-info/top_level.txt
writing manifest file 'ros2_motor_control.egg-info/SOURCES.txt'
reading manifest file 'ros2_motor_control.egg-info/SOURCES.txt'
writing manifest file 'ros2_motor_control.egg-info/SOURCES.txt'
running build_ext
Creating /home/junhyuk/motor_ws/install/ros2_motor_control/lib/python3.10/site-packages/ros2-motor-control.egg-link (link to .)
Installing angle_increment_action_server script to /home/junhyuk/motor_ws/install/ros2_motor_control/lib/ros2_motor_control
Installing motor_control_node script to /home/junhyuk/motor_ws/install/ros2_motor_control/lib/ros2_motor_control

Installed /home/junhyuk/motor_ws/build/ros2_motor_control
running symlink_data
creating /home/junhyuk/motor_ws/install/ros2_motor_control/share/ament_index
creating /home/junhyuk/motor_ws/install/ros2_motor_control/share/ament_index/resource_index
creating /home/junhyuk/motor_ws/install/ros2_motor_control/share/ament_index/resource_index/packages
symbolically linking /home/junhyuk/motor_ws/build/ros2_motor_control/resource/ros2_motor_control -> /home/junhyuk/motor_ws/install/ros2_motor_control/share/ament_index/resource_index/packages
symbolically linking /home/junhyuk/motor_ws/build/ros2_motor_control/package.xml -> /home/junhyuk/motor_ws/install/ros2_motor_control/share/ros2_motor_control
creating /home/junhyuk/motor_ws/install/ros2_motor_control/share/ros2_motor_control/launch
symbolically linking /home/junhyuk/motor_ws/build/ros2_motor_control/launch/motor_control.launch.py -> /home/junhyuk/motor_ws/install/ros2_motor_control/share/ros2_motor_control/launch
