[1.583s] Invoking command in '/home/junhyuk/motor_ws/build/ros2_motor_control': AMENT_PREFIX_PATH=/home/junhyuk/motor_ws/install/motor_control_interfaces:${AMENT_PREFIX_PATH} CMAKE_PREFIX_PATH=/home/junhyuk/motor_ws/install/motor_control_interfaces:${CMAKE_PREFIX_PATH} LD_LIBRARY_PATH=/home/junhyuk/motor_ws/install/motor_control_interfaces/lib:${LD_LIBRARY_PATH} PYTHONPATH=/home/junhyuk/motor_ws/build/ros2_motor_control/prefix_override:/usr/lib/python3/dist-packages/colcon_core/task/python/colcon_distutils_commands:/home/junhyuk/motor_ws/install/ros2_motor_control/lib/python3.10/site-packages:/home/junhyuk/motor_ws/install/motor_control_interfaces/local/lib/python3.10/dist-packages:${PYTHONPATH} /usr/bin/python3 -W ignore:setup.py install is deprecated -W ignore:easy_install command is deprecated setup.py develop --editable --build-directory /home/junhyuk/motor_ws/build/ros2_motor_control/build --no-deps symlink_data
[2.154s] running develop
[2.542s] running egg_info
[2.542s] creating ros2_motor_control.egg-info
[2.542s] writing ros2_motor_control.egg-info/PKG-INFO
[2.543s] writing dependency_links to ros2_motor_control.egg-info/dependency_links.txt
[2.543s] writing entry points to ros2_motor_control.egg-info/entry_points.txt
[2.543s] writing requirements to ros2_motor_control.egg-info/requires.txt
[2.543s] writing top-level names to ros2_motor_control.egg-info/top_level.txt
[2.544s] writing manifest file 'ros2_motor_control.egg-info/SOURCES.txt'
[2.547s] reading manifest file 'ros2_motor_control.egg-info/SOURCES.txt'
[2.548s] writing manifest file 'ros2_motor_control.egg-info/SOURCES.txt'
[2.628s] running build_ext
[2.628s] Creating /home/junhyuk/motor_ws/install/ros2_motor_control/lib/python3.10/site-packages/ros2-motor-control.egg-link (link to .)
[2.630s] Installing angle_increment_action_server script to /home/junhyuk/motor_ws/install/ros2_motor_control/lib/ros2_motor_control
[2.630s] Installing motor_control_node script to /home/junhyuk/motor_ws/install/ros2_motor_control/lib/ros2_motor_control
[2.631s] 
[2.631s] Installed /home/junhyuk/motor_ws/build/ros2_motor_control
[2.631s] running symlink_data
[2.631s] creating /home/junhyuk/motor_ws/install/ros2_motor_control/share/ament_index
[2.631s] creating /home/junhyuk/motor_ws/install/ros2_motor_control/share/ament_index/resource_index
[2.631s] creating /home/junhyuk/motor_ws/install/ros2_motor_control/share/ament_index/resource_index/packages
[2.631s] symbolically linking /home/junhyuk/motor_ws/build/ros2_motor_control/resource/ros2_motor_control -> /home/junhyuk/motor_ws/install/ros2_motor_control/share/ament_index/resource_index/packages
[2.632s] symbolically linking /home/junhyuk/motor_ws/build/ros2_motor_control/package.xml -> /home/junhyuk/motor_ws/install/ros2_motor_control/share/ros2_motor_control
[2.632s] creating /home/junhyuk/motor_ws/install/ros2_motor_control/share/ros2_motor_control/launch
[2.632s] symbolically linking /home/junhyuk/motor_ws/build/ros2_motor_control/launch/motor_control.launch.py -> /home/junhyuk/motor_ws/install/ros2_motor_control/share/ros2_motor_control/launch
[2.704s] Invoked command in '/home/junhyuk/motor_ws/build/ros2_motor_control' returned '0': AMENT_PREFIX_PATH=/home/junhyuk/motor_ws/install/motor_control_interfaces:${AMENT_PREFIX_PATH} CMAKE_PREFIX_PATH=/home/junhyuk/motor_ws/install/motor_control_interfaces:${CMAKE_PREFIX_PATH} LD_LIBRARY_PATH=/home/junhyuk/motor_ws/install/motor_control_interfaces/lib:${LD_LIBRARY_PATH} PYTHONPATH=/home/junhyuk/motor_ws/build/ros2_motor_control/prefix_override:/usr/lib/python3/dist-packages/colcon_core/task/python/colcon_distutils_commands:/home/junhyuk/motor_ws/install/ros2_motor_control/lib/python3.10/site-packages:/home/junhyuk/motor_ws/install/motor_control_interfaces/local/lib/python3.10/dist-packages:${PYTHONPATH} /usr/bin/python3 -W ignore:setup.py install is deprecated -W ignore:easy_install command is deprecated setup.py develop --editable --build-directory /home/junhyuk/motor_ws/build/ros2_motor_control/build --no-deps symlink_data
